<?xml version="1.0" encoding="UTF-8"?>
<testsuites>
  <testsuite name="Projet" tests="4" assertions="4" failures="0" errors="0" time="0.076863">
    <testsuite name="ServiceUser" file="/home/android/projet/tests/unit/serviceUserTest.php" tests="1" assertions="1" failures="0" errors="0" time="0.047930">
      <testcase name="testFullName" class="ServiceUser" file="/home/android/projet/tests/unit/serviceUserTest.php" line="15" assertions="1" time="0.047930"/>
    </testsuite>
    <testsuite name="UserTest" file="/home/android/projet/tests/unit/userTest.php" tests="3" assertions="3" failures="0" errors="0" time="0.028933">
      <testcase name="testGetPrenom" class="UserTest" file="/home/android/projet/tests/unit/userTest.php" line="10" assertions="1" time="0.010655"/>
      <testcase name="testGetNom" class="UserTest" file="/home/android/projet/tests/unit/userTest.php" line="19" assertions="1" time="0.008546"/>
      <testcase name="testGetAge" class="UserTest" file="/home/android/projet/tests/unit/userTest.php" line="28" assertions="1" time="0.009732"/>
    </testsuite>
  </testsuite>
</testsuites>
